Arguments: 
  C:\Program Files\nodejs\node.exe C:\Program Files (x86)\Yarn\bin\yarn.js add parcel-bundler --save-dev

PATH: 
  C:\WINDOWS\system32;C:\WINDOWS;C:\WINDOWS\System32\Wbem;C:\WINDOWS\System32\WindowsPowerShell\v1.0\;C:\WINDOWS\System32\OpenSSH\;C:\Program Files (x86)\Common Files\lenovo\easyplussdk\bin;C:\Program Files (x86)\Brackets\command;C:\Program Files (x86)\Yarn\bin\;C:\Program Files\MongoDB\Server\4.4\bin;C:\Program Files\Git\cmd;C:\Program Files\nodejs\;C:\Program Files\MySQL\MySQL Shell 8.0\bin\;C:\Users\Whitegod Kingsley\AppData\Local\Microsoft\WindowsApps;;C:\Users\Whitegod Kingsley\AppData\Local\Programs\Microsoft VS Code\bin;C:\Users\Whitegod Kingsley\AppData\Local\Yarn\bin;C:\Users\Whitegod Kingsley\AppData\Roaming\npm

Yarn version: 
  1.22.5

Node version: 
  16.6.1

Platform: 
  win32 x64

Trace: 
  Error: https://registry.yarnpkg.com/deasync/-/deasync-0.1.22.tgz: ESOCKETTIMEDOUT
      at ClientRequest.<anonymous> (C:\Program Files (x86)\Yarn\lib\cli.js:141376:19)
      at Object.onceWrapper (node:events:513:28)
      at ClientRequest.emit (node:events:394:28)
      at TLSSocket.emitRequestTimeout (node:_http_client:761:9)
      at Object.onceWrapper (node:events:513:28)
      at TLSSocket.emit (node:events:406:35)
      at TLSSocket.Socket._onTimeout (node:net:486:8)
      at listOnTimeout (node:internal/timers:557:17)
      at processTimers (node:internal/timers:500:7)

npm manifest: 
  {
    "name": "bookmark-landing-page-master",
    "version": "1.0.0",
    "main": "index.html",
    "author": "Whitegod Kingsley",
    "license": "MIT"
  }

yarn manifest: 
  No manifest

Lockfile: 
  No lockfile
